{
  "RSpec": {
    "coverage": {
      "/home/frosty/dev/college/CSCE431/CSCE_431_Project/app/models/user.rb": {
        "lines": [
          null,
          null,
          null,
          1,
          null,
          null,
          1,
          null,
          null,
          1,
          1,
          1,
          4,
          12,
          null,
          null,
          null,
          null,
          1,
          1,
          null,
          1,
          1,
          null,
          1,
          1,
          null,
          1,
          null,
          1,
          null,
          null,
          1,
          1,
          null,
          1,
          null,
          1,
          237,
          237,
          null,
          1,
          null,
          null,
          1,
          221,
          221,
          null,
          215,
          215,
          null,
          null,
          1,
          221,
          221,
          null,
          6,
          6,
          null,
          null,
          1,
          155,
          null,
          null,
          1,
          307,
          null,
          null,
          1,
          309,
          null,
          null,
          1,
          155,
          null,
          null,
          1,
          20,
          null,
          null
        ]
      },
      "/home/frosty/dev/college/CSCE431/CSCE_431_Project/app/models/application_record.rb": {
        "lines": [
          null,
          null,
          null,
          1,
          1,
          null
        ]
      },
      "/home/frosty/dev/college/CSCE431/CSCE_431_Project/app/helpers/admin_view_hours_helper.rb": {
        "lines": [
          null,
          null,
          1,
          1,
          1,
          null,
          null,
          1,
          4,
          null,
          0,
          null,
          null,
          null,
          1,
          4,
          null,
          4,
          4,
          null,
          4,
          null,
          4,
          null,
          3,
          null,
          null,
          null,
          1,
          4,
          null,
          null,
          null,
          null,
          1,
          4,
          null,
          null,
          null,
          null,
          null,
          1,
          6,
          6,
          6,
          6,
          null,
          0,
          0,
          null,
          6,
          6,
          null,
          null,
          1,
          null,
          1,
          6,
          null,
          null,
          null,
          null,
          null,
          null,
          null,
          null,
          null,
          null,
          null,
          null,
          1,
          25,
          24,
          null,
          1,
          null,
          null,
          null,
          1,
          6,
          6,
          null,
          16,
          null,
          6,
          null,
          null
        ]
      },
      "/home/frosty/dev/college/CSCE431/CSCE_431_Project/app/helpers/tutoring_session_export_helper.rb": {
        "lines": [
          null,
          null,
          1,
          null,
          1,
          1,
          3,
          3,
          null,
          null,
          1,
          6,
          6,
          6,
          6,
          null,
          null,
          1,
          6,
          6,
          null,
          null,
          0,
          null,
          null,
          null,
          null,
          1,
          null,
          1,
          6,
          null,
          null,
          null,
          null,
          null,
          null,
          null,
          null,
          null,
          null,
          null,
          null,
          1,
          18,
          null,
          null,
          null,
          1,
          4,
          3,
          null,
          1,
          null,
          null,
          null,
          null,
          null,
          1,
          6,
          6,
          6,
          6,
          null,
          null,
          null,
          1,
          6,
          null,
          13,
          5,
          5,
          5,
          null,
          null,
          13,
          null,
          null,
          6,
          null,
          null
        ]
      },
      "/home/frosty/dev/college/CSCE431/CSCE_431_Project/app/helpers/application_helper.rb": {
        "lines": [
          null,
          null,
          null,
          1,
          null
        ]
      },
      "/home/frosty/dev/college/CSCE431/CSCE_431_Project/app/helpers/course_request_helper.rb": {
        "lines": [
          null,
          null,
          1,
          null
        ]
      },
      "/home/frosty/dev/college/CSCE431/CSCE_431_Project/app/helpers/landing_helper.rb": {
        "lines": [
          null,
          null,
          null,
          1,
          null
        ]
      },
      "/home/frosty/dev/college/CSCE431/CSCE_431_Project/app/helpers/spartan_session_export_helper.rb": {
        "lines": [
          null,
          null,
          1,
          null,
          1,
          1,
          null,
          1,
          null,
          4,
          4,
          4,
          4,
          null,
          null,
          1,
          null,
          1,
          7,
          3,
          null,
          4,
          null,
          null,
          null,
          1,
          14,
          6,
          null,
          8,
          null,
          null,
          null,
          1,
          4,
          4,
          null,
          null,
          null,
          1,
          4,
          null,
          7,
          7,
          7,
          7,
          null,
          null,
          7,
          null,
          null,
          null,
          null
        ]
      },
      "/home/frosty/dev/college/CSCE431/CSCE_431_Project/app/helpers/spartan_sessions_helper.rb": {
        "lines": [
          null,
          null,
          1,
          1,
          null,
          1,
          2,
          null,
          null,
          null,
          null,
          null,
          1,
          1,
          null,
          null,
          null,
          null,
          null,
          null
        ]
      },
      "/home/frosty/dev/college/CSCE431/CSCE_431_Project/app/helpers/tutor_helper.rb": {
        "lines": [
          null,
          null,
          1,
          null
        ]
      },
      "/home/frosty/dev/college/CSCE431/CSCE_431_Project/app/helpers/tutoring_session_controller_helper.rb": {
        "lines": [
          null,
          null,
          null,
          1,
          null,
          1,
          10,
          null,
          null,
          null,
          null,
          null,
          1,
          2,
          2,
          null,
          2,
          2,
          2,
          null,
          null,
          1,
          20,
          null,
          null,
          null,
          1,
          2,
          null,
          null,
          1,
          8,
          null,
          null
        ]
      },
      "/home/frosty/dev/college/CSCE431/CSCE_431_Project/app/helpers/user_controller_helper.rb": {
        "lines": [
          null,
          null,
          1,
          1,
          4,
          null,
          null,
          1,
          4,
          4,
          4,
          null,
          4,
          null,
          null
        ]
      },
      "/home/frosty/dev/college/CSCE431/CSCE_431_Project/app/controllers/users_controller.rb": {
        "lines": [
          null,
          null,
          1,
          1,
          null,
          1,
          1,
          1,
          null,
          1,
          54,
          29,
          null,
          25,
          null,
          null,
          null,
          null,
          null,
          1,
          29,
          null,
          29,
          null,
          null,
          1,
          null,
          154,
          154,
          null,
          null,
          154,
          null,
          null,
          154,
          null,
          null,
          154,
          null,
          null,
          1,
          0,
          0,
          null,
          null,
          1,
          0,
          null,
          null,
          1,
          0,
          0,
          0,
          null,
          0,
          null,
          null,
          null,
          1,
          2,
          2,
          2,
          null,
          null,
          null,
          0,
          null,
          null,
          1,
          2,
          null,
          2,
          null,
          null,
          1,
          1,
          1,
          1,
          null,
          0,
          null,
          null,
          null,
          1,
          0,
          0,
          0,
          null,
          null,
          1,
          4,
          4,
          null,
          0,
          null,
          null,
          null,
          1,
          8,
          8,
          null,
          null,
          null,
          1,
          4,
          4,
          null,
          4,
          null,
          4,
          null,
          4,
          null,
          null,
          1,
          2,
          2,
          null,
          2,
          null,
          2,
          null,
          null,
          1,
          4,
          null,
          null,
          1,
          4,
          4,
          null,
          null,
          1,
          null,
          1,
          1,
          null,
          null,
          null
        ]
      },
      "/home/frosty/dev/college/CSCE431/CSCE_431_Project/app/controllers/application_controller.rb": {
        "lines": [
          null,
          null,
          null,
          1,
          null,
          1,
          1,
          null,
          1,
          null,
          1,
          192,
          null,
          null,
          null,
          null,
          1,
          null,
          1,
          192,
          null,
          null,
          192,
          null,
          null,
          null,
          null,
          1,
          647,
          null,
          null,
          null
        ]
      },
      "/home/frosty/dev/college/CSCE431/CSCE_431_Project/app/models/course_request.rb": {
        "lines": [
          null,
          null,
          1,
          null,
          1,
          1,
          null
        ]
      },
      "/home/frosty/dev/college/CSCE431/CSCE_431_Project/app/controllers/tutoring_session_controller.rb": {
        "lines": [
          null,
          null,
          1,
          null,
          1,
          1,
          1,
          null,
          1,
          10,
          null,
          null,
          10,
          null,
          null,
          10,
          80,
          10,
          70,
          null,
          70,
          null,
          null,
          null,
          null,
          1,
          null,
          10,
          2,
          2,
          null,
          8,
          8,
          null,
          10,
          10,
          10,
          null,
          null,
          1,
          6,
          null,
          null,
          1,
          2,
          null,
          null,
          1,
          2,
          null,
          2,
          1,
          null,
          1,
          null,
          null,
          null,
          1,
          null,
          5,
          5,
          null,
          5,
          5,
          null,
          5,
          3,
          null,
          3,
          null,
          null,
          2,
          null,
          null,
          null,
          1,
          5,
          null,
          null,
          1,
          1,
          null,
          1,
          null,
          1,
          null,
          1,
          null,
          null,
          1,
          null,
          1,
          7,
          null,
          null
        ]
      },
      "/home/frosty/dev/college/CSCE431/CSCE_431_Project/app/controllers/tutoring_session_user_controller.rb": {
        "lines": [
          null,
          null,
          1,
          1,
          null,
          1,
          7,
          null,
          null,
          null,
          null,
          1,
          1,
          1,
          0,
          null,
          null,
          1,
          1,
          null,
          1,
          null,
          1,
          null,
          null,
          1,
          1,
          1,
          0,
          null,
          null,
          1,
          1,
          null,
          1,
          null,
          1,
          null,
          null,
          1,
          null,
          1,
          2,
          null,
          null,
          null,
          null,
          null,
          null,
          null,
          null
        ]
      },
      "/home/frosty/dev/college/CSCE431/CSCE_431_Project/app/models/course_request_user.rb": {
        "lines": [
          null,
          null,
          null,
          1,
          1,
          1,
          1,
          null
        ]
      },
      "/home/frosty/dev/college/CSCE431/CSCE_431_Project/app/models/course.rb": {
        "lines": [
          null,
          null,
          null,
          1,
          null,
          1,
          1,
          1,
          null,
          1,
          1,
          1,
          1,
          null
        ]
      },
      "/home/frosty/dev/college/CSCE431/CSCE_431_Project/app/models/department.rb": {
        "lines": [
          null,
          null,
          null,
          1,
          1,
          null,
          1,
          1,
          1,
          null
        ]
      },
      "/home/frosty/dev/college/CSCE431/CSCE_431_Project/app/models/notification.rb": {
        "lines": [
          null,
          null,
          1,
          1,
          1,
          1,
          null,
          648,
          null,
          1,
          4,
          null,
          null,
          null,
          null,
          null,
          null
        ]
      },
      "/home/frosty/dev/college/CSCE431/CSCE_431_Project/app/models/role.rb": {
        "lines": [
          null,
          null,
          null,
          1,
          null,
          1,
          1,
          1,
          null,
          1,
          530,
          null,
          null,
          1,
          311,
          null,
          null,
          1,
          321,
          null,
          null,
          1,
          158,
          null,
          null,
          1,
          65,
          null,
          null
        ]
      },
      "/home/frosty/dev/college/CSCE431/CSCE_431_Project/app/models/spartan_session.rb": {
        "lines": [
          null,
          null,
          null,
          1,
          null,
          1,
          1,
          1,
          null,
          1,
          null
        ]
      },
      "/home/frosty/dev/college/CSCE431/CSCE_431_Project/app/models/tutoring_session.rb": {
        "lines": [
          null,
          null,
          null,
          1,
          null,
          1,
          1,
          null,
          1,
          1,
          null,
          1,
          1,
          null,
          1,
          null,
          1,
          1,
          null,
          null,
          1,
          108,
          null,
          null,
          null,
          1,
          6,
          null,
          null,
          1,
          2,
          2,
          null,
          2,
          null,
          null,
          1,
          1,
          1,
          null,
          1,
          29,
          null,
          29,
          29,
          29,
          null,
          29,
          null,
          null,
          null,
          1,
          0,
          null,
          0,
          0,
          0,
          0,
          null,
          0,
          null,
          null,
          null,
          0,
          null,
          null,
          null,
          null,
          null,
          null,
          1,
          10,
          null,
          null,
          1,
          null,
          1,
          116,
          107,
          null,
          103,
          null,
          null,
          103,
          null,
          1,
          null,
          null
        ]
      },
      "/home/frosty/dev/college/CSCE431/CSCE_431_Project/app/models/tutoring_session_user.rb": {
        "lines": [
          null,
          null,
          null,
          1,
          1,
          null,
          1,
          1,
          1,
          1,
          null
        ]
      },
      "/home/frosty/dev/college/CSCE431/CSCE_431_Project/app/models/role_user.rb": {
        "lines": [
          null,
          null,
          null,
          1,
          1,
          1,
          1,
          null
        ]
      },
      "/home/frosty/dev/college/CSCE431/CSCE_431_Project/app/models/spartan_session_user.rb": {
        "lines": [
          null,
          null,
          null,
          1,
          1,
          1,
          1,
          null
        ]
      },
      "/home/frosty/dev/college/CSCE431/CSCE_431_Project/app/controllers/course_request_controller.rb": {
        "lines": [
          null,
          null,
          1,
          1,
          null,
          null,
          null,
          null,
          null,
          null,
          null,
          null,
          null,
          null,
          null,
          null,
          null,
          null,
          null,
          null,
          null,
          null,
          null,
          null,
          null,
          null,
          null,
          null,
          null,
          null,
          null,
          null,
          null,
          null,
          null,
          null,
          null,
          null,
          null,
          null,
          null,
          null,
          null,
          null,
          null,
          null,
          null,
          1,
          9,
          9,
          9,
          9,
          9,
          9,
          5,
          null,
          9,
          null,
          null,
          1,
          0,
          null,
          null,
          1,
          2,
          null,
          null,
          1,
          0,
          null,
          0,
          0,
          null,
          0,
          null,
          null,
          null,
          1,
          0,
          0,
          null,
          null,
          1,
          null,
          1,
          0,
          null,
          null
        ]
      },
      "/home/frosty/dev/college/CSCE431/CSCE_431_Project/app/controllers/spartan_sessions_controller.rb": {
        "lines": [
          null,
          null,
          1,
          1,
          1,
          1,
          1,
          null,
          1,
          32,
          null,
          null,
          1,
          null,
          1,
          2,
          2,
          null,
          null,
          1,
          3,
          null,
          null,
          1,
          1,
          1,
          null,
          null,
          1,
          1,
          1,
          null,
          null,
          1,
          19,
          19,
          null,
          null,
          1,
          4,
          4,
          null,
          null,
          null,
          null,
          1,
          1,
          null,
          null,
          null,
          1,
          null,
          null,
          1,
          null,
          3,
          null,
          null,
          null,
          3,
          null,
          null,
          1,
          1,
          1,
          null,
          null,
          null,
          1,
          19,
          null,
          null,
          null,
          19,
          null,
          null,
          1,
          15,
          null,
          null,
          15,
          null,
          15,
          null,
          null,
          1,
          null,
          1,
          1,
          null,
          null,
          1,
          null,
          2,
          1,
          1,
          null,
          null,
          1,
          null,
          null,
          1,
          1,
          null,
          null,
          1,
          4,
          null,
          null,
          4,
          1,
          null,
          3,
          null,
          null,
          3,
          null,
          null,
          3,
          null,
          null,
          null,
          1,
          null,
          20,
          null,
          1,
          1,
          null,
          null,
          null,
          1,
          null,
          16,
          null,
          1,
          1,
          null,
          null,
          null
        ]
      },
      "/home/frosty/dev/college/CSCE431/CSCE_431_Project/app/models/course_user.rb": {
        "lines": [
          null,
          null,
          null,
          1,
          1,
          1,
          1,
          null
        ]
      },
      "/home/frosty/dev/college/CSCE431/CSCE_431_Project/app/models/course_tutoring_session.rb": {
        "lines": [
          null,
          null,
          null,
          1,
          1,
          1,
          1,
          null
        ]
      },
      "/home/frosty/dev/college/CSCE431/CSCE_431_Project/app/models/department_tutoring_session.rb": {
        "lines": [
          null,
          null,
          null,
          1,
          1,
          1,
          1,
          null
        ]
      },
      "/home/frosty/dev/college/CSCE431/CSCE_431_Project/app/controllers/confirmation_controller.rb": {
        "lines": [
          null,
          null,
          0,
          0,
          null,
          0,
          0,
          0,
          0
        ],
        "branches": {
        }
      },
      "/home/frosty/dev/college/CSCE431/CSCE_431_Project/app/controllers/notification_controller.rb": {
        "lines": [
          null,
          null,
          0,
          0,
          0,
          0,
          0,
          null,
          0,
          0,
          0,
          0,
          null,
          0,
          0,
          null,
          0,
          null,
          0,
          0,
          0,
          0,
          0,
          0,
          0,
          0
        ],
        "branches": {
        }
      },
      "/home/frosty/dev/college/CSCE431/CSCE_431_Project/app/controllers/registrations_controller.rb": {
        "lines": [
          null,
          null,
          0,
          null,
          null,
          null,
          null,
          null,
          null,
          null,
          null,
          null,
          null,
          null,
          null,
          null,
          null,
          null,
          null,
          null,
          null,
          null,
          null,
          null,
          null,
          null,
          null,
          null,
          null,
          null,
          null,
          null,
          null,
          null,
          null,
          null,
          null,
          null,
          null,
          null,
          null,
          null,
          null,
          null,
          null,
          null,
          null,
          null,
          null,
          null,
          null,
          null,
          null,
          0,
          0,
          0,
          null,
          null,
          null,
          null,
          null,
          0
        ],
        "branches": {
        }
      }
    },
    "timestamp": 1618204301
  }
}
